ARM GAS  /var/folders/f2/2_k_5n1158bg0vz_qpsvv2tc0000gn/T//ccsx7CTy.s 			page 1


   1              		.cpu cortex-m4
   2              		.arch armv7e-m
   3              		.fpu fpv4-sp-d16
   4              		.eabi_attribute 27, 1
   5              		.eabi_attribute 28, 1
   6              		.eabi_attribute 20, 1
   7              		.eabi_attribute 21, 1
   8              		.eabi_attribute 23, 3
   9              		.eabi_attribute 24, 1
  10              		.eabi_attribute 25, 1
  11              		.eabi_attribute 26, 1
  12              		.eabi_attribute 30, 1
  13              		.eabi_attribute 34, 1
  14              		.eabi_attribute 18, 4
  15              		.file	"can.c"
  16              		.text
  17              	.Ltext0:
  18              		.cfi_sections	.debug_frame
  19              		.section	.text.MX_CAN_Init,"ax",%progbits
  20              		.align	1
  21              		.global	MX_CAN_Init
  22              		.syntax unified
  23              		.thumb
  24              		.thumb_func
  26              	MX_CAN_Init:
  27              	.LFB123:
  28              		.file 1 "Src/can.c"
   1:Src/can.c     **** /* USER CODE BEGIN Header */
   2:Src/can.c     **** /**
   3:Src/can.c     ****   ******************************************************************************
   4:Src/can.c     ****   * @file    can.c
   5:Src/can.c     ****   * @brief   This file provides code for the configuration
   6:Src/can.c     ****   *          of the CAN instances.
   7:Src/can.c     ****   ******************************************************************************
   8:Src/can.c     ****   * @attention
   9:Src/can.c     ****   *
  10:Src/can.c     ****   * Copyright (c) 2023 STMicroelectronics.
  11:Src/can.c     ****   * All rights reserved.
  12:Src/can.c     ****   *
  13:Src/can.c     ****   * This software is licensed under terms that can be found in the LICENSE file
  14:Src/can.c     ****   * in the root directory of this software component.
  15:Src/can.c     ****   * If no LICENSE file comes with this software, it is provided AS-IS.
  16:Src/can.c     ****   *
  17:Src/can.c     ****   ******************************************************************************
  18:Src/can.c     ****   */
  19:Src/can.c     **** /* USER CODE END Header */
  20:Src/can.c     **** /* Includes ------------------------------------------------------------------*/
  21:Src/can.c     **** #include "can.h"
  22:Src/can.c     **** 
  23:Src/can.c     **** /* USER CODE BEGIN 0 */
  24:Src/can.c     **** 
  25:Src/can.c     **** /* USER CODE END 0 */
  26:Src/can.c     **** 
  27:Src/can.c     **** CAN_HandleTypeDef hcan;
  28:Src/can.c     **** 
  29:Src/can.c     **** /* CAN init function */
  30:Src/can.c     **** void MX_CAN_Init(void)
ARM GAS  /var/folders/f2/2_k_5n1158bg0vz_qpsvv2tc0000gn/T//ccsx7CTy.s 			page 2


  31:Src/can.c     **** {
  29              		.loc 1 31 1 view -0
  30              		.cfi_startproc
  31              		@ args = 0, pretend = 0, frame = 0
  32              		@ frame_needed = 0, uses_anonymous_args = 0
  33 0000 08B5     		push	{r3, lr}
  34              	.LCFI0:
  35              		.cfi_def_cfa_offset 8
  36              		.cfi_offset 3, -8
  37              		.cfi_offset 14, -4
  32:Src/can.c     **** 
  33:Src/can.c     ****   /* USER CODE BEGIN CAN_Init 0 */
  34:Src/can.c     **** 
  35:Src/can.c     ****   /* USER CODE END CAN_Init 0 */
  36:Src/can.c     **** 
  37:Src/can.c     ****   /* USER CODE BEGIN CAN_Init 1 */
  38:Src/can.c     **** 
  39:Src/can.c     ****   /* USER CODE END CAN_Init 1 */
  40:Src/can.c     ****   hcan.Instance = CAN;
  38              		.loc 1 40 3 view .LVU1
  39              		.loc 1 40 17 is_stmt 0 view .LVU2
  40 0002 0B48     		ldr	r0, .L5
  41 0004 0B4B     		ldr	r3, .L5+4
  42 0006 0360     		str	r3, [r0]
  41:Src/can.c     ****   hcan.Init.Prescaler = 16;
  43              		.loc 1 41 3 is_stmt 1 view .LVU3
  44              		.loc 1 41 23 is_stmt 0 view .LVU4
  45 0008 1023     		movs	r3, #16
  46 000a 4360     		str	r3, [r0, #4]
  42:Src/can.c     ****   hcan.Init.Mode = CAN_MODE_NORMAL;
  47              		.loc 1 42 3 is_stmt 1 view .LVU5
  48              		.loc 1 42 18 is_stmt 0 view .LVU6
  49 000c 0023     		movs	r3, #0
  50 000e 8360     		str	r3, [r0, #8]
  43:Src/can.c     ****   hcan.Init.SyncJumpWidth = CAN_SJW_1TQ;
  51              		.loc 1 43 3 is_stmt 1 view .LVU7
  52              		.loc 1 43 27 is_stmt 0 view .LVU8
  53 0010 C360     		str	r3, [r0, #12]
  44:Src/can.c     ****   hcan.Init.TimeSeg1 = CAN_BS1_1TQ;
  54              		.loc 1 44 3 is_stmt 1 view .LVU9
  55              		.loc 1 44 22 is_stmt 0 view .LVU10
  56 0012 0361     		str	r3, [r0, #16]
  45:Src/can.c     ****   hcan.Init.TimeSeg2 = CAN_BS2_1TQ;
  57              		.loc 1 45 3 is_stmt 1 view .LVU11
  58              		.loc 1 45 22 is_stmt 0 view .LVU12
  59 0014 4361     		str	r3, [r0, #20]
  46:Src/can.c     ****   hcan.Init.TimeTriggeredMode = DISABLE;
  60              		.loc 1 46 3 is_stmt 1 view .LVU13
  61              		.loc 1 46 31 is_stmt 0 view .LVU14
  62 0016 0376     		strb	r3, [r0, #24]
  47:Src/can.c     ****   hcan.Init.AutoBusOff = DISABLE;
  63              		.loc 1 47 3 is_stmt 1 view .LVU15
  64              		.loc 1 47 24 is_stmt 0 view .LVU16
  65 0018 4376     		strb	r3, [r0, #25]
  48:Src/can.c     ****   hcan.Init.AutoWakeUp = DISABLE;
  66              		.loc 1 48 3 is_stmt 1 view .LVU17
  67              		.loc 1 48 24 is_stmt 0 view .LVU18
ARM GAS  /var/folders/f2/2_k_5n1158bg0vz_qpsvv2tc0000gn/T//ccsx7CTy.s 			page 3


  68 001a 8376     		strb	r3, [r0, #26]
  49:Src/can.c     ****   hcan.Init.AutoRetransmission = DISABLE;
  69              		.loc 1 49 3 is_stmt 1 view .LVU19
  70              		.loc 1 49 32 is_stmt 0 view .LVU20
  71 001c C376     		strb	r3, [r0, #27]
  50:Src/can.c     ****   hcan.Init.ReceiveFifoLocked = DISABLE;
  72              		.loc 1 50 3 is_stmt 1 view .LVU21
  73              		.loc 1 50 31 is_stmt 0 view .LVU22
  74 001e 0377     		strb	r3, [r0, #28]
  51:Src/can.c     ****   hcan.Init.TransmitFifoPriority = DISABLE;
  75              		.loc 1 51 3 is_stmt 1 view .LVU23
  76              		.loc 1 51 34 is_stmt 0 view .LVU24
  77 0020 4377     		strb	r3, [r0, #29]
  52:Src/can.c     ****   if (HAL_CAN_Init(&hcan) != HAL_OK)
  78              		.loc 1 52 3 is_stmt 1 view .LVU25
  79              		.loc 1 52 7 is_stmt 0 view .LVU26
  80 0022 FFF7FEFF 		bl	HAL_CAN_Init
  81              	.LVL0:
  82              		.loc 1 52 6 view .LVU27
  83 0026 00B9     		cbnz	r0, .L4
  84              	.L1:
  53:Src/can.c     ****   {
  54:Src/can.c     ****     Error_Handler();
  55:Src/can.c     ****   }
  56:Src/can.c     ****   /* USER CODE BEGIN CAN_Init 2 */
  57:Src/can.c     **** 
  58:Src/can.c     ****   /* USER CODE END CAN_Init 2 */
  59:Src/can.c     **** 
  60:Src/can.c     **** }
  85              		.loc 1 60 1 view .LVU28
  86 0028 08BD     		pop	{r3, pc}
  87              	.L4:
  54:Src/can.c     ****   }
  88              		.loc 1 54 5 is_stmt 1 view .LVU29
  89 002a FFF7FEFF 		bl	Error_Handler
  90              	.LVL1:
  91              		.loc 1 60 1 is_stmt 0 view .LVU30
  92 002e FBE7     		b	.L1
  93              	.L6:
  94              		.align	2
  95              	.L5:
  96 0030 00000000 		.word	.LANCHOR0
  97 0034 00640040 		.word	1073767424
  98              		.cfi_endproc
  99              	.LFE123:
 101              		.section	.text.HAL_CAN_MspInit,"ax",%progbits
 102              		.align	1
 103              		.global	HAL_CAN_MspInit
 104              		.syntax unified
 105              		.thumb
 106              		.thumb_func
 108              	HAL_CAN_MspInit:
 109              	.LVL2:
 110              	.LFB124:
  61:Src/can.c     **** 
  62:Src/can.c     **** void HAL_CAN_MspInit(CAN_HandleTypeDef* canHandle)
  63:Src/can.c     **** {
ARM GAS  /var/folders/f2/2_k_5n1158bg0vz_qpsvv2tc0000gn/T//ccsx7CTy.s 			page 4


 111              		.loc 1 63 1 is_stmt 1 view -0
 112              		.cfi_startproc
 113              		@ args = 0, pretend = 0, frame = 32
 114              		@ frame_needed = 0, uses_anonymous_args = 0
 115              		.loc 1 63 1 is_stmt 0 view .LVU32
 116 0000 00B5     		push	{lr}
 117              	.LCFI1:
 118              		.cfi_def_cfa_offset 4
 119              		.cfi_offset 14, -4
 120 0002 89B0     		sub	sp, sp, #36
 121              	.LCFI2:
 122              		.cfi_def_cfa_offset 40
  64:Src/can.c     **** 
  65:Src/can.c     ****   GPIO_InitTypeDef GPIO_InitStruct = {0};
 123              		.loc 1 65 3 is_stmt 1 view .LVU33
 124              		.loc 1 65 20 is_stmt 0 view .LVU34
 125 0004 0023     		movs	r3, #0
 126 0006 0393     		str	r3, [sp, #12]
 127 0008 0493     		str	r3, [sp, #16]
 128 000a 0593     		str	r3, [sp, #20]
 129 000c 0693     		str	r3, [sp, #24]
 130 000e 0793     		str	r3, [sp, #28]
  66:Src/can.c     ****   if(canHandle->Instance==CAN)
 131              		.loc 1 66 3 is_stmt 1 view .LVU35
 132              		.loc 1 66 15 is_stmt 0 view .LVU36
 133 0010 0268     		ldr	r2, [r0]
 134              		.loc 1 66 5 view .LVU37
 135 0012 144B     		ldr	r3, .L11
 136 0014 9A42     		cmp	r2, r3
 137 0016 02D0     		beq	.L10
 138              	.LVL3:
 139              	.L7:
  67:Src/can.c     ****   {
  68:Src/can.c     ****   /* USER CODE BEGIN CAN_MspInit 0 */
  69:Src/can.c     **** 
  70:Src/can.c     ****   /* USER CODE END CAN_MspInit 0 */
  71:Src/can.c     ****     /* CAN clock enable */
  72:Src/can.c     ****     __HAL_RCC_CAN1_CLK_ENABLE();
  73:Src/can.c     **** 
  74:Src/can.c     ****     __HAL_RCC_GPIOA_CLK_ENABLE();
  75:Src/can.c     ****     /**CAN GPIO Configuration
  76:Src/can.c     ****     PA11     ------> CAN_RX
  77:Src/can.c     ****     PA12     ------> CAN_TX
  78:Src/can.c     ****     */
  79:Src/can.c     ****     GPIO_InitStruct.Pin = GPIO_PIN_11|GPIO_PIN_12;
  80:Src/can.c     ****     GPIO_InitStruct.Mode = GPIO_MODE_AF_PP;
  81:Src/can.c     ****     GPIO_InitStruct.Pull = GPIO_NOPULL;
  82:Src/can.c     ****     GPIO_InitStruct.Speed = GPIO_SPEED_FREQ_HIGH;
  83:Src/can.c     ****     GPIO_InitStruct.Alternate = GPIO_AF9_CAN;
  84:Src/can.c     ****     HAL_GPIO_Init(GPIOA, &GPIO_InitStruct);
  85:Src/can.c     **** 
  86:Src/can.c     ****   /* USER CODE BEGIN CAN_MspInit 1 */
  87:Src/can.c     **** 
  88:Src/can.c     ****   /* USER CODE END CAN_MspInit 1 */
  89:Src/can.c     ****   }
  90:Src/can.c     **** }
 140              		.loc 1 90 1 view .LVU38
ARM GAS  /var/folders/f2/2_k_5n1158bg0vz_qpsvv2tc0000gn/T//ccsx7CTy.s 			page 5


 141 0018 09B0     		add	sp, sp, #36
 142              	.LCFI3:
 143              		.cfi_remember_state
 144              		.cfi_def_cfa_offset 4
 145              		@ sp needed
 146 001a 5DF804FB 		ldr	pc, [sp], #4
 147              	.LVL4:
 148              	.L10:
 149              	.LCFI4:
 150              		.cfi_restore_state
  72:Src/can.c     **** 
 151              		.loc 1 72 5 is_stmt 1 view .LVU39
 152              	.LBB2:
  72:Src/can.c     **** 
 153              		.loc 1 72 5 view .LVU40
  72:Src/can.c     **** 
 154              		.loc 1 72 5 view .LVU41
 155 001e 03F5D633 		add	r3, r3, #109568
 156 0022 DA69     		ldr	r2, [r3, #28]
 157 0024 42F00072 		orr	r2, r2, #33554432
 158 0028 DA61     		str	r2, [r3, #28]
  72:Src/can.c     **** 
 159              		.loc 1 72 5 view .LVU42
 160 002a DA69     		ldr	r2, [r3, #28]
 161 002c 02F00072 		and	r2, r2, #33554432
 162 0030 0192     		str	r2, [sp, #4]
  72:Src/can.c     **** 
 163              		.loc 1 72 5 view .LVU43
 164 0032 019A     		ldr	r2, [sp, #4]
 165              	.LBE2:
  72:Src/can.c     **** 
 166              		.loc 1 72 5 view .LVU44
  74:Src/can.c     ****     /**CAN GPIO Configuration
 167              		.loc 1 74 5 view .LVU45
 168              	.LBB3:
  74:Src/can.c     ****     /**CAN GPIO Configuration
 169              		.loc 1 74 5 view .LVU46
  74:Src/can.c     ****     /**CAN GPIO Configuration
 170              		.loc 1 74 5 view .LVU47
 171 0034 5A69     		ldr	r2, [r3, #20]
 172 0036 42F40032 		orr	r2, r2, #131072
 173 003a 5A61     		str	r2, [r3, #20]
  74:Src/can.c     ****     /**CAN GPIO Configuration
 174              		.loc 1 74 5 view .LVU48
 175 003c 5B69     		ldr	r3, [r3, #20]
 176 003e 03F40033 		and	r3, r3, #131072
 177 0042 0293     		str	r3, [sp, #8]
  74:Src/can.c     ****     /**CAN GPIO Configuration
 178              		.loc 1 74 5 view .LVU49
 179 0044 029B     		ldr	r3, [sp, #8]
 180              	.LBE3:
  74:Src/can.c     ****     /**CAN GPIO Configuration
 181              		.loc 1 74 5 view .LVU50
  79:Src/can.c     ****     GPIO_InitStruct.Mode = GPIO_MODE_AF_PP;
 182              		.loc 1 79 5 view .LVU51
  79:Src/can.c     ****     GPIO_InitStruct.Mode = GPIO_MODE_AF_PP;
 183              		.loc 1 79 25 is_stmt 0 view .LVU52
ARM GAS  /var/folders/f2/2_k_5n1158bg0vz_qpsvv2tc0000gn/T//ccsx7CTy.s 			page 6


 184 0046 4FF4C053 		mov	r3, #6144
 185 004a 0393     		str	r3, [sp, #12]
  80:Src/can.c     ****     GPIO_InitStruct.Pull = GPIO_NOPULL;
 186              		.loc 1 80 5 is_stmt 1 view .LVU53
  80:Src/can.c     ****     GPIO_InitStruct.Pull = GPIO_NOPULL;
 187              		.loc 1 80 26 is_stmt 0 view .LVU54
 188 004c 0223     		movs	r3, #2
 189 004e 0493     		str	r3, [sp, #16]
  81:Src/can.c     ****     GPIO_InitStruct.Speed = GPIO_SPEED_FREQ_HIGH;
 190              		.loc 1 81 5 is_stmt 1 view .LVU55
  82:Src/can.c     ****     GPIO_InitStruct.Alternate = GPIO_AF9_CAN;
 191              		.loc 1 82 5 view .LVU56
  82:Src/can.c     ****     GPIO_InitStruct.Alternate = GPIO_AF9_CAN;
 192              		.loc 1 82 27 is_stmt 0 view .LVU57
 193 0050 0323     		movs	r3, #3
 194 0052 0693     		str	r3, [sp, #24]
  83:Src/can.c     ****     HAL_GPIO_Init(GPIOA, &GPIO_InitStruct);
 195              		.loc 1 83 5 is_stmt 1 view .LVU58
  83:Src/can.c     ****     HAL_GPIO_Init(GPIOA, &GPIO_InitStruct);
 196              		.loc 1 83 31 is_stmt 0 view .LVU59
 197 0054 0923     		movs	r3, #9
 198 0056 0793     		str	r3, [sp, #28]
  84:Src/can.c     **** 
 199              		.loc 1 84 5 is_stmt 1 view .LVU60
 200 0058 03A9     		add	r1, sp, #12
 201 005a 4FF09040 		mov	r0, #1207959552
 202              	.LVL5:
  84:Src/can.c     **** 
 203              		.loc 1 84 5 is_stmt 0 view .LVU61
 204 005e FFF7FEFF 		bl	HAL_GPIO_Init
 205              	.LVL6:
 206              		.loc 1 90 1 view .LVU62
 207 0062 D9E7     		b	.L7
 208              	.L12:
 209              		.align	2
 210              	.L11:
 211 0064 00640040 		.word	1073767424
 212              		.cfi_endproc
 213              	.LFE124:
 215              		.section	.text.HAL_CAN_MspDeInit,"ax",%progbits
 216              		.align	1
 217              		.global	HAL_CAN_MspDeInit
 218              		.syntax unified
 219              		.thumb
 220              		.thumb_func
 222              	HAL_CAN_MspDeInit:
 223              	.LVL7:
 224              	.LFB125:
  91:Src/can.c     **** 
  92:Src/can.c     **** void HAL_CAN_MspDeInit(CAN_HandleTypeDef* canHandle)
  93:Src/can.c     **** {
 225              		.loc 1 93 1 is_stmt 1 view -0
 226              		.cfi_startproc
 227              		@ args = 0, pretend = 0, frame = 0
 228              		@ frame_needed = 0, uses_anonymous_args = 0
 229              		.loc 1 93 1 is_stmt 0 view .LVU64
 230 0000 08B5     		push	{r3, lr}
ARM GAS  /var/folders/f2/2_k_5n1158bg0vz_qpsvv2tc0000gn/T//ccsx7CTy.s 			page 7


 231              	.LCFI5:
 232              		.cfi_def_cfa_offset 8
 233              		.cfi_offset 3, -8
 234              		.cfi_offset 14, -4
  94:Src/can.c     **** 
  95:Src/can.c     ****   if(canHandle->Instance==CAN)
 235              		.loc 1 95 3 is_stmt 1 view .LVU65
 236              		.loc 1 95 15 is_stmt 0 view .LVU66
 237 0002 0268     		ldr	r2, [r0]
 238              		.loc 1 95 5 view .LVU67
 239 0004 074B     		ldr	r3, .L17
 240 0006 9A42     		cmp	r2, r3
 241 0008 00D0     		beq	.L16
 242              	.LVL8:
 243              	.L13:
  96:Src/can.c     ****   {
  97:Src/can.c     ****   /* USER CODE BEGIN CAN_MspDeInit 0 */
  98:Src/can.c     **** 
  99:Src/can.c     ****   /* USER CODE END CAN_MspDeInit 0 */
 100:Src/can.c     ****     /* Peripheral clock disable */
 101:Src/can.c     ****     __HAL_RCC_CAN1_CLK_DISABLE();
 102:Src/can.c     **** 
 103:Src/can.c     ****     /**CAN GPIO Configuration
 104:Src/can.c     ****     PA11     ------> CAN_RX
 105:Src/can.c     ****     PA12     ------> CAN_TX
 106:Src/can.c     ****     */
 107:Src/can.c     ****     HAL_GPIO_DeInit(GPIOA, GPIO_PIN_11|GPIO_PIN_12);
 108:Src/can.c     **** 
 109:Src/can.c     ****   /* USER CODE BEGIN CAN_MspDeInit 1 */
 110:Src/can.c     **** 
 111:Src/can.c     ****   /* USER CODE END CAN_MspDeInit 1 */
 112:Src/can.c     ****   }
 113:Src/can.c     **** }
 244              		.loc 1 113 1 view .LVU68
 245 000a 08BD     		pop	{r3, pc}
 246              	.LVL9:
 247              	.L16:
 101:Src/can.c     **** 
 248              		.loc 1 101 5 is_stmt 1 view .LVU69
 249 000c 064A     		ldr	r2, .L17+4
 250 000e D369     		ldr	r3, [r2, #28]
 251 0010 23F00073 		bic	r3, r3, #33554432
 252 0014 D361     		str	r3, [r2, #28]
 107:Src/can.c     **** 
 253              		.loc 1 107 5 view .LVU70
 254 0016 4FF4C051 		mov	r1, #6144
 255 001a 4FF09040 		mov	r0, #1207959552
 256              	.LVL10:
 107:Src/can.c     **** 
 257              		.loc 1 107 5 is_stmt 0 view .LVU71
 258 001e FFF7FEFF 		bl	HAL_GPIO_DeInit
 259              	.LVL11:
 260              		.loc 1 113 1 view .LVU72
 261 0022 F2E7     		b	.L13
 262              	.L18:
 263              		.align	2
 264              	.L17:
ARM GAS  /var/folders/f2/2_k_5n1158bg0vz_qpsvv2tc0000gn/T//ccsx7CTy.s 			page 8


 265 0024 00640040 		.word	1073767424
 266 0028 00100240 		.word	1073876992
 267              		.cfi_endproc
 268              	.LFE125:
 270              		.global	hcan
 271              		.section	.bss.hcan,"aw",%nobits
 272              		.align	2
 273              		.set	.LANCHOR0,. + 0
 276              	hcan:
 277 0000 00000000 		.space	40
 277      00000000 
 277      00000000 
 277      00000000 
 277      00000000 
 278              		.text
 279              	.Letext0:
 280              		.file 2 "/Applications/STM32CubeIDE.app/Contents/Eclipse/plugins/com.st.stm32cube.ide.mcu.external
 281              		.file 3 "/Applications/STM32CubeIDE.app/Contents/Eclipse/plugins/com.st.stm32cube.ide.mcu.external
 282              		.file 4 "Drivers/CMSIS/Device/ST/STM32F3xx/Include/stm32f303x8.h"
 283              		.file 5 "Drivers/CMSIS/Device/ST/STM32F3xx/Include/stm32f3xx.h"
 284              		.file 6 "Drivers/STM32F3xx_HAL_Driver/Inc/stm32f3xx_hal_def.h"
 285              		.file 7 "Drivers/STM32F3xx_HAL_Driver/Inc/stm32f3xx_hal_gpio.h"
 286              		.file 8 "Drivers/STM32F3xx_HAL_Driver/Inc/stm32f3xx_hal_can.h"
 287              		.file 9 "Inc/can.h"
 288              		.file 10 "Inc/main.h"
ARM GAS  /var/folders/f2/2_k_5n1158bg0vz_qpsvv2tc0000gn/T//ccsx7CTy.s 			page 9


DEFINED SYMBOLS
                            *ABS*:0000000000000000 can.c
/var/folders/f2/2_k_5n1158bg0vz_qpsvv2tc0000gn/T//ccsx7CTy.s:20     .text.MX_CAN_Init:0000000000000000 $t
/var/folders/f2/2_k_5n1158bg0vz_qpsvv2tc0000gn/T//ccsx7CTy.s:26     .text.MX_CAN_Init:0000000000000000 MX_CAN_Init
/var/folders/f2/2_k_5n1158bg0vz_qpsvv2tc0000gn/T//ccsx7CTy.s:96     .text.MX_CAN_Init:0000000000000030 $d
/var/folders/f2/2_k_5n1158bg0vz_qpsvv2tc0000gn/T//ccsx7CTy.s:102    .text.HAL_CAN_MspInit:0000000000000000 $t
/var/folders/f2/2_k_5n1158bg0vz_qpsvv2tc0000gn/T//ccsx7CTy.s:108    .text.HAL_CAN_MspInit:0000000000000000 HAL_CAN_MspInit
/var/folders/f2/2_k_5n1158bg0vz_qpsvv2tc0000gn/T//ccsx7CTy.s:211    .text.HAL_CAN_MspInit:0000000000000064 $d
/var/folders/f2/2_k_5n1158bg0vz_qpsvv2tc0000gn/T//ccsx7CTy.s:216    .text.HAL_CAN_MspDeInit:0000000000000000 $t
/var/folders/f2/2_k_5n1158bg0vz_qpsvv2tc0000gn/T//ccsx7CTy.s:222    .text.HAL_CAN_MspDeInit:0000000000000000 HAL_CAN_MspDeInit
/var/folders/f2/2_k_5n1158bg0vz_qpsvv2tc0000gn/T//ccsx7CTy.s:265    .text.HAL_CAN_MspDeInit:0000000000000024 $d
/var/folders/f2/2_k_5n1158bg0vz_qpsvv2tc0000gn/T//ccsx7CTy.s:276    .bss.hcan:0000000000000000 hcan
/var/folders/f2/2_k_5n1158bg0vz_qpsvv2tc0000gn/T//ccsx7CTy.s:272    .bss.hcan:0000000000000000 $d

UNDEFINED SYMBOLS
HAL_CAN_Init
Error_Handler
HAL_GPIO_Init
HAL_GPIO_DeInit
