ARM GAS  /var/folders/f2/2_k_5n1158bg0vz_qpsvv2tc0000gn/T//ccciJUEo.s 			page 1


   1              		.cpu cortex-m4
   2              		.arch armv7e-m
   3              		.fpu fpv4-sp-d16
   4              		.eabi_attribute 27, 1
   5              		.eabi_attribute 28, 1
   6              		.eabi_attribute 20, 1
   7              		.eabi_attribute 21, 1
   8              		.eabi_attribute 23, 3
   9              		.eabi_attribute 24, 1
  10              		.eabi_attribute 25, 1
  11              		.eabi_attribute 26, 1
  12              		.eabi_attribute 30, 1
  13              		.eabi_attribute 34, 1
  14              		.eabi_attribute 18, 4
  15              		.file	"gpio.c"
  16              		.text
  17              	.Ltext0:
  18              		.cfi_sections	.debug_frame
  19              		.section	.text.MX_GPIO_Init,"ax",%progbits
  20              		.align	1
  21              		.global	MX_GPIO_Init
  22              		.syntax unified
  23              		.thumb
  24              		.thumb_func
  26              	MX_GPIO_Init:
  27              	.LFB123:
  28              		.file 1 "Src/gpio.c"
   1:Src/gpio.c    **** /* USER CODE BEGIN Header */
   2:Src/gpio.c    **** /**
   3:Src/gpio.c    ****   ******************************************************************************
   4:Src/gpio.c    ****   * @file    gpio.c
   5:Src/gpio.c    ****   * @brief   This file provides code for the configuration
   6:Src/gpio.c    ****   *          of all used GPIO pins.
   7:Src/gpio.c    ****   ******************************************************************************
   8:Src/gpio.c    ****   * @attention
   9:Src/gpio.c    ****   *
  10:Src/gpio.c    ****   * Copyright (c) 2023 STMicroelectronics.
  11:Src/gpio.c    ****   * All rights reserved.
  12:Src/gpio.c    ****   *
  13:Src/gpio.c    ****   * This software is licensed under terms that can be found in the LICENSE file
  14:Src/gpio.c    ****   * in the root directory of this software component.
  15:Src/gpio.c    ****   * If no LICENSE file comes with this software, it is provided AS-IS.
  16:Src/gpio.c    ****   *
  17:Src/gpio.c    ****   ******************************************************************************
  18:Src/gpio.c    ****   */
  19:Src/gpio.c    **** /* USER CODE END Header */
  20:Src/gpio.c    **** 
  21:Src/gpio.c    **** /* Includes ------------------------------------------------------------------*/
  22:Src/gpio.c    **** #include "gpio.h"
  23:Src/gpio.c    **** 
  24:Src/gpio.c    **** /* USER CODE BEGIN 0 */
  25:Src/gpio.c    **** 
  26:Src/gpio.c    **** /* USER CODE END 0 */
  27:Src/gpio.c    **** 
  28:Src/gpio.c    **** /*----------------------------------------------------------------------------*/
  29:Src/gpio.c    **** /* Configure GPIO                                                             */
  30:Src/gpio.c    **** /*----------------------------------------------------------------------------*/
ARM GAS  /var/folders/f2/2_k_5n1158bg0vz_qpsvv2tc0000gn/T//ccciJUEo.s 			page 2


  31:Src/gpio.c    **** /* USER CODE BEGIN 1 */
  32:Src/gpio.c    **** 
  33:Src/gpio.c    **** /* USER CODE END 1 */
  34:Src/gpio.c    **** 
  35:Src/gpio.c    **** /** Configure pins
  36:Src/gpio.c    **** */
  37:Src/gpio.c    **** void MX_GPIO_Init(void)
  38:Src/gpio.c    **** {
  29              		.loc 1 38 1 view -0
  30              		.cfi_startproc
  31              		@ args = 0, pretend = 0, frame = 24
  32              		@ frame_needed = 0, uses_anonymous_args = 0
  33 0000 10B5     		push	{r4, lr}
  34              	.LCFI0:
  35              		.cfi_def_cfa_offset 8
  36              		.cfi_offset 4, -8
  37              		.cfi_offset 14, -4
  38 0002 86B0     		sub	sp, sp, #24
  39              	.LCFI1:
  40              		.cfi_def_cfa_offset 32
  39:Src/gpio.c    **** 
  40:Src/gpio.c    ****   GPIO_InitTypeDef GPIO_InitStruct = {0};
  41              		.loc 1 40 3 view .LVU1
  42              		.loc 1 40 20 is_stmt 0 view .LVU2
  43 0004 0024     		movs	r4, #0
  44 0006 0194     		str	r4, [sp, #4]
  45 0008 0294     		str	r4, [sp, #8]
  46 000a 0394     		str	r4, [sp, #12]
  47 000c 0494     		str	r4, [sp, #16]
  48 000e 0594     		str	r4, [sp, #20]
  41:Src/gpio.c    **** 
  42:Src/gpio.c    ****   /* GPIO Ports Clock Enable */
  43:Src/gpio.c    ****   __HAL_RCC_GPIOA_CLK_ENABLE();
  49              		.loc 1 43 3 is_stmt 1 view .LVU3
  50              	.LBB2:
  51              		.loc 1 43 3 view .LVU4
  52              		.loc 1 43 3 view .LVU5
  53 0010 0E4B     		ldr	r3, .L3
  54 0012 5A69     		ldr	r2, [r3, #20]
  55 0014 42F40032 		orr	r2, r2, #131072
  56 0018 5A61     		str	r2, [r3, #20]
  57              		.loc 1 43 3 view .LVU6
  58 001a 5B69     		ldr	r3, [r3, #20]
  59 001c 03F40033 		and	r3, r3, #131072
  60 0020 0093     		str	r3, [sp]
  61              		.loc 1 43 3 view .LVU7
  62 0022 009B     		ldr	r3, [sp]
  63              	.LBE2:
  64              		.loc 1 43 3 view .LVU8
  44:Src/gpio.c    **** 
  45:Src/gpio.c    ****   /*Configure GPIO pin Output Level */
  46:Src/gpio.c    ****   HAL_GPIO_WritePin(GPIOA, GPIO_PIN_0|GPIO_PIN_1|GPIO_PIN_2, GPIO_PIN_RESET);
  65              		.loc 1 46 3 view .LVU9
  66 0024 2246     		mov	r2, r4
  67 0026 0721     		movs	r1, #7
  68 0028 4FF09040 		mov	r0, #1207959552
  69 002c FFF7FEFF 		bl	HAL_GPIO_WritePin
ARM GAS  /var/folders/f2/2_k_5n1158bg0vz_qpsvv2tc0000gn/T//ccciJUEo.s 			page 3


  70              	.LVL0:
  47:Src/gpio.c    **** 
  48:Src/gpio.c    ****   /*Configure GPIO pins : PA0 PA1 PA2 */
  49:Src/gpio.c    ****   GPIO_InitStruct.Pin = GPIO_PIN_0|GPIO_PIN_1|GPIO_PIN_2;
  71              		.loc 1 49 3 view .LVU10
  72              		.loc 1 49 23 is_stmt 0 view .LVU11
  73 0030 0723     		movs	r3, #7
  74 0032 0193     		str	r3, [sp, #4]
  50:Src/gpio.c    ****   GPIO_InitStruct.Mode = GPIO_MODE_OUTPUT_PP;
  75              		.loc 1 50 3 is_stmt 1 view .LVU12
  76              		.loc 1 50 24 is_stmt 0 view .LVU13
  77 0034 0123     		movs	r3, #1
  78 0036 0293     		str	r3, [sp, #8]
  51:Src/gpio.c    ****   GPIO_InitStruct.Pull = GPIO_NOPULL;
  79              		.loc 1 51 3 is_stmt 1 view .LVU14
  80              		.loc 1 51 24 is_stmt 0 view .LVU15
  81 0038 0394     		str	r4, [sp, #12]
  52:Src/gpio.c    ****   GPIO_InitStruct.Speed = GPIO_SPEED_FREQ_LOW;
  82              		.loc 1 52 3 is_stmt 1 view .LVU16
  83              		.loc 1 52 25 is_stmt 0 view .LVU17
  84 003a 0494     		str	r4, [sp, #16]
  53:Src/gpio.c    ****   HAL_GPIO_Init(GPIOA, &GPIO_InitStruct);
  85              		.loc 1 53 3 is_stmt 1 view .LVU18
  86 003c 01A9     		add	r1, sp, #4
  87 003e 4FF09040 		mov	r0, #1207959552
  88 0042 FFF7FEFF 		bl	HAL_GPIO_Init
  89              	.LVL1:
  54:Src/gpio.c    **** 
  55:Src/gpio.c    **** }
  90              		.loc 1 55 1 is_stmt 0 view .LVU19
  91 0046 06B0     		add	sp, sp, #24
  92              	.LCFI2:
  93              		.cfi_def_cfa_offset 8
  94              		@ sp needed
  95 0048 10BD     		pop	{r4, pc}
  96              	.L4:
  97 004a 00BF     		.align	2
  98              	.L3:
  99 004c 00100240 		.word	1073876992
 100              		.cfi_endproc
 101              	.LFE123:
 103              		.text
 104              	.Letext0:
 105              		.file 2 "/Applications/STM32CubeIDE.app/Contents/Eclipse/plugins/com.st.stm32cube.ide.mcu.external
 106              		.file 3 "/Applications/STM32CubeIDE.app/Contents/Eclipse/plugins/com.st.stm32cube.ide.mcu.external
 107              		.file 4 "Drivers/CMSIS/Device/ST/STM32F3xx/Include/stm32f303x8.h"
 108              		.file 5 "Drivers/STM32F3xx_HAL_Driver/Inc/stm32f3xx_hal_gpio.h"
ARM GAS  /var/folders/f2/2_k_5n1158bg0vz_qpsvv2tc0000gn/T//ccciJUEo.s 			page 4


DEFINED SYMBOLS
                            *ABS*:0000000000000000 gpio.c
/var/folders/f2/2_k_5n1158bg0vz_qpsvv2tc0000gn/T//ccciJUEo.s:20     .text.MX_GPIO_Init:0000000000000000 $t
/var/folders/f2/2_k_5n1158bg0vz_qpsvv2tc0000gn/T//ccciJUEo.s:26     .text.MX_GPIO_Init:0000000000000000 MX_GPIO_Init
/var/folders/f2/2_k_5n1158bg0vz_qpsvv2tc0000gn/T//ccciJUEo.s:99     .text.MX_GPIO_Init:000000000000004c $d

UNDEFINED SYMBOLS
HAL_GPIO_WritePin
HAL_GPIO_Init
